0 info it worked if it ends with ok
1 verbose cli [ '/usr/local/bin/node', '/usr/local/bin/npm', 'start' ]
2 info using npm@3.9.5
3 info using node@v6.2.2
4 verbose run-script [ 'prestart', 'start', 'poststart' ]
5 info lifecycle 01-react-webpack@1.0.0~prestart: 01-react-webpack@1.0.0
6 silly lifecycle 01-react-webpack@1.0.0~prestart: no script for prestart, continuing
7 info lifecycle 01-react-webpack@1.0.0~start: 01-react-webpack@1.0.0
8 verbose lifecycle 01-react-webpack@1.0.0~start: unsafe-perm in lifecycle true
9 verbose lifecycle 01-react-webpack@1.0.0~start: PATH: /usr/local/lib/node_modules/npm/bin/node-gyp-bin:/home/rodrigo/projetos/react-learning-guide/04-React-Router-Hash/node_modules/.bin:/usr/local/bin:/usr/lib64/qt-3.3/bin:/home/rodrigo/.npm-global/bin:/usr/local/bin:/usr/local/sbin:/usr/bin:/usr/sbin:/home/rodrigo/.local/bin:/home/rodrigo/bin
10 verbose lifecycle 01-react-webpack@1.0.0~start: CWD: /home/rodrigo/projetos/react-learning-guide/04-React-Router-Hash
11 silly lifecycle 01-react-webpack@1.0.0~start: Args: [ '-c', 'webpack-dev-middleware' ]
12 info lifecycle 01-react-webpack@1.0.0~start: Failed to exec start script
13 verbose stack Error: 01-react-webpack@1.0.0 start: `webpack-dev-middleware`
13 verbose stack spawn ENOENT
13 verbose stack     at ChildProcess.<anonymous> (/usr/local/lib/node_modules/npm/lib/utils/spawn.js:17:16)
13 verbose stack     at emitTwo (events.js:106:13)
13 verbose stack     at ChildProcess.emit (events.js:191:7)
13 verbose stack     at maybeClose (internal/child_process.js:852:16)
13 verbose stack     at Process.ChildProcess._handle.onexit (internal/child_process.js:215:5)
14 verbose pkgid 01-react-webpack@1.0.0
15 verbose cwd /home/rodrigo/projetos/react-learning-guide/04-React-Router-Hash
16 error Linux 4.5.7-300.fc24.x86_64
17 error argv "/usr/local/bin/node" "/usr/local/bin/npm" "start"
18 error node v6.2.2
19 error npm  v3.9.5
20 error file sh
21 error code ELIFECYCLE
22 error errno ENOENT
23 error syscall spawn
24 error 01-react-webpack@1.0.0 start: `webpack-dev-middleware`
24 error spawn ENOENT
25 error Failed at the 01-react-webpack@1.0.0 start script 'webpack-dev-middleware'.
25 error Make sure you have the latest version of node.js and npm installed.
25 error If you do, this is most likely a problem with the 01-react-webpack package,
25 error not with npm itself.
25 error Tell the author that this fails on your system:
25 error     webpack-dev-middleware
25 error You can get information on how to open an issue for this project with:
25 error     npm bugs 01-react-webpack
25 error Or if that isn't available, you can get their info via:
25 error     npm owner ls 01-react-webpack
25 error There is likely additional logging output above.
26 verbose exit [ 1, true ]
